<?xml version="1.0" encoding="UTF-8"?>
<testsuite xmlns:xsi="http://www.w3.org/2001/XMLSchema-instance" xsi:noNamespaceSchemaLocation="https://maven.apache.org/surefire/maven-surefire-plugin/xsd/surefire-test-report-3.0.xsd" version="3.0" name="UserServiceTest" time="0.734" tests="6" errors="0" skipped="0" failures="0">
  <properties>
[...]
</properties>
  <testcase name="saveUser" classname="UserServiceTest" time="0.41"/>
  <testcase name="removeUserById" classname="UserServiceTest" time="0.079"/>
  <testcase name="getAllUsers" classname="UserServiceTest" time="0.069"/>
  <testcase name="dropUsersTable" classname="UserServiceTest" time="0.028"/>
  <testcase name="createUsersTable" classname="UserServiceTest" time="0.033"/>
  <testcase name="cleanUsersTable" classname="UserServiceTest" time="0.071"/>
</testsuite>